This is pdfTeX, Version 3.141592653-2.6-1.40.24 (TeX Live 2022) (preloaded format=pdflatex 2022.8.20)  8 MAR 2024 22:58
entering extended mode
 restricted \write18 enabled.
 file:line:error style messages enabled.
 %&-line parsing enabled.
**/Users/xinranwang/Documents/GitHub/DARC-whitepaper/main.tex
(/Users/xinranwang/Documents/GitHub/DARC-whitepaper/main.tex
LaTeX2e <2022-06-01> patch level 5
L3 programming layer <2022-08-05> (/usr/local/texlive/2022/texmf-dist/tex/latex/base/article.cls
Document Class: article 2021/10/04 v1.4n Standard LaTeX document class
(/usr/local/texlive/2022/texmf-dist/tex/latex/base/size10.clo
File: size10.clo 2021/10/04 v1.4n Standard LaTeX file (size option)
)
\c@part=\count185
\c@section=\count186
\c@subsection=\count187
\c@subsubsection=\count188
\c@paragraph=\count189
\c@subparagraph=\count190
\c@figure=\count191
\c@table=\count192
\abovecaptionskip=\skip47
\belowcaptionskip=\skip48
\bibindent=\dimen138
) (/usr/local/texlive/2022/texmf-dist/tex/generic/babel/babel.sty
Package: babel 2022/07/20 3.78 The Babel package
\babel@savecnt=\count193
\U@D=\dimen139
\l@unhyphenated=\language87
 (/usr/local/texlive/2022/texmf-dist/tex/generic/babel/txtbabel.def)
\bbl@readstream=\read2
\bbl@dirlevel=\count194
 (/usr/local/texlive/2022/texmf-dist/tex/generic/babel-english/english.ldf
Language: english 2017/06/06 v3.3r English support from the babel system
Package babel Info: Hyphen rules for 'canadian' set to \l@english
(babel)             (\language0). Reported on input line 102.
Package babel Info: Hyphen rules for 'australian' set to \l@ukenglish
(babel)             (\language21). Reported on input line 105.
Package babel Info: Hyphen rules for 'newzealand' set to \l@ukenglish
(babel)             (\language21). Reported on input line 108.
)) (/usr/local/texlive/2022/texmf-dist/tex/generic/babel/locale/en/babel-english.tex
Package babel Info: Importing font and identification data for english
(babel)             from babel-en.ini. Reported on input line 11.
) (/usr/local/texlive/2022/texmf-dist/tex/latex/geometry/geometry.sty
Package: geometry 2020/01/02 v5.9 Page Geometry
 (/usr/local/texlive/2022/texmf-dist/tex/latex/graphics/keyval.sty
Package: keyval 2022/05/29 v1.15 key=value parser (DPC)
\KV@toks@=\toks16
) (/usr/local/texlive/2022/texmf-dist/tex/generic/iftex/ifvtex.sty
Package: ifvtex 2019/10/25 v1.7 ifvtex legacy package. Use iftex instead.
 (/usr/local/texlive/2022/texmf-dist/tex/generic/iftex/iftex.sty
Package: iftex 2022/02/03 v1.0f TeX engine tests
))
\Gm@cnth=\count195
\Gm@cntv=\count196
\c@Gm@tempcnt=\count197
\Gm@bindingoffset=\dimen140
\Gm@wd@mp=\dimen141
\Gm@odd@mp=\dimen142
\Gm@even@mp=\dimen143
\Gm@layoutwidth=\dimen144
\Gm@layoutheight=\dimen145
\Gm@layouthoffset=\dimen146
\Gm@layoutvoffset=\dimen147
\Gm@dimlist=\toks17
) (/usr/local/texlive/2022/texmf-dist/tex/latex/amsmath/amsmath.sty
Package: amsmath 2022/04/08 v2.17n AMS math features
\@mathmargin=\skip49

For additional information on amsmath, use the `?' option.
(/usr/local/texlive/2022/texmf-dist/tex/latex/amsmath/amstext.sty
Package: amstext 2021/08/26 v2.01 AMS text
 (/usr/local/texlive/2022/texmf-dist/tex/latex/amsmath/amsgen.sty
File: amsgen.sty 1999/11/30 v2.0 generic functions
\@emptytoks=\toks18
\ex@=\dimen148
)) (/usr/local/texlive/2022/texmf-dist/tex/latex/amsmath/amsbsy.sty
Package: amsbsy 1999/11/29 v1.2d Bold Symbols
\pmbraise@=\dimen149
) (/usr/local/texlive/2022/texmf-dist/tex/latex/amsmath/amsopn.sty
Package: amsopn 2022/04/08 v2.04 operator names
)
\inf@bad=\count198
LaTeX Info: Redefining \frac on input line 234.
\uproot@=\count199
\leftroot@=\count266
LaTeX Info: Redefining \overline on input line 399.
LaTeX Info: Redefining \colon on input line 410.
\classnum@=\count267
\DOTSCASE@=\count268
LaTeX Info: Redefining \ldots on input line 496.
LaTeX Info: Redefining \dots on input line 499.
LaTeX Info: Redefining \cdots on input line 620.
\Mathstrutbox@=\box51
\strutbox@=\box52
LaTeX Info: Redefining \big on input line 722.
LaTeX Info: Redefining \Big on input line 723.
LaTeX Info: Redefining \bigg on input line 724.
LaTeX Info: Redefining \Bigg on input line 725.
\big@size=\dimen150
LaTeX Font Info:    Redeclaring font encoding OML on input line 743.
LaTeX Font Info:    Redeclaring font encoding OMS on input line 744.
\macc@depth=\count269
LaTeX Info: Redefining \bmod on input line 905.
LaTeX Info: Redefining \pmod on input line 910.
LaTeX Info: Redefining \smash on input line 940.
LaTeX Info: Redefining \relbar on input line 970.
LaTeX Info: Redefining \Relbar on input line 971.
\c@MaxMatrixCols=\count270
\dotsspace@=\muskip16
\c@parentequation=\count271
\dspbrk@lvl=\count272
\tag@help=\toks19
\row@=\count273
\column@=\count274
\maxfields@=\count275
\andhelp@=\toks20
\eqnshift@=\dimen151
\alignsep@=\dimen152
\tagshift@=\dimen153
\tagwidth@=\dimen154
\totwidth@=\dimen155
\lineht@=\dimen156
\@envbody=\toks21
\multlinegap=\skip50
\multlinetaggap=\skip51
\mathdisplay@stack=\toks22
LaTeX Info: Redefining \[ on input line 2953.
LaTeX Info: Redefining \] on input line 2954.
) (/usr/local/texlive/2022/texmf-dist/tex/latex/graphics/graphicx.sty
Package: graphicx 2021/09/16 v1.2d Enhanced LaTeX Graphics (DPC,SPQR)
 (/usr/local/texlive/2022/texmf-dist/tex/latex/graphics/graphics.sty
Package: graphics 2022/03/10 v1.4e Standard LaTeX Graphics (DPC,SPQR)
 (/usr/local/texlive/2022/texmf-dist/tex/latex/graphics/trig.sty
Package: trig 2021/08/11 v1.11 sin cos tan (DPC)
) (/usr/local/texlive/2022/texmf-dist/tex/latex/graphics-cfg/graphics.cfg
File: graphics.cfg 2016/06/04 v1.11 sample graphics configuration
)
Package graphics Info: Driver file: pdftex.def on input line 107.
 (/usr/local/texlive/2022/texmf-dist/tex/latex/graphics-def/pdftex.def
File: pdftex.def 2020/10/05 v1.2a Graphics/color driver for pdftex
))
\Gin@req@height=\dimen157
\Gin@req@width=\dimen158
) (/usr/local/texlive/2022/texmf-dist/tex/latex/algorithms/algorithm.sty
Package: algorithm 2009/08/24 v0.1 Document Style `algorithm' - floating environment
 (/usr/local/texlive/2022/texmf-dist/tex/latex/float/float.sty
Package: float 2001/11/08 v1.3d Float enhancements (AL)
\c@float@type=\count276
\float@exts=\toks23
\float@box=\box53
\@float@everytoks=\toks24
\@floatcapt=\box54
) (/usr/local/texlive/2022/texmf-dist/tex/latex/base/ifthen.sty
Package: ifthen 2022/04/13 v1.1d Standard LaTeX ifthen package (DPC)
)
\@float@every@algorithm=\toks25
\c@algorithm=\count277
) (/usr/local/texlive/2022/texmf-dist/tex/latex/algorithms/algorithmic.sty
Package: algorithmic 2009/08/24 v0.1 Document Style `algorithmic'
\c@ALC@unique=\count278
\c@ALC@line=\count279
\c@ALC@rem=\count280
\c@ALC@depth=\count281
\ALC@tlm=\skip52
\algorithmicindent=\skip53
) (/usr/local/texlive/2022/texmf-dist/tex/latex/hyperref/hyperref.sty
Package: hyperref 2022-06-20 v7.00s Hypertext links for LaTeX
 (/usr/local/texlive/2022/texmf-dist/tex/generic/ltxcmds/ltxcmds.sty
Package: ltxcmds 2020-05-10 v1.25 LaTeX kernel commands for general use (HO)
) (/usr/local/texlive/2022/texmf-dist/tex/generic/pdftexcmds/pdftexcmds.sty
Package: pdftexcmds 2020-06-27 v0.33 Utility functions of pdfTeX for LuaTeX (HO)
 (/usr/local/texlive/2022/texmf-dist/tex/generic/infwarerr/infwarerr.sty
Package: infwarerr 2019/12/03 v1.5 Providing info/warning/error messages (HO)
)
Package pdftexcmds Info: \pdf@primitive is available.
Package pdftexcmds Info: \pdf@ifprimitive is available.
Package pdftexcmds Info: \pdfdraftmode found.
) (/usr/local/texlive/2022/texmf-dist/tex/generic/kvsetkeys/kvsetkeys.sty
Package: kvsetkeys 2019/12/15 v1.18 Key value parser (HO)
) (/usr/local/texlive/2022/texmf-dist/tex/generic/kvdefinekeys/kvdefinekeys.sty
Package: kvdefinekeys 2019-12-19 v1.6 Define keys (HO)
) (/usr/local/texlive/2022/texmf-dist/tex/generic/pdfescape/pdfescape.sty
Package: pdfescape 2019/12/09 v1.15 Implements pdfTeX's escape features (HO)
) (/usr/local/texlive/2022/texmf-dist/tex/latex/hycolor/hycolor.sty
Package: hycolor 2020-01-27 v1.10 Color options for hyperref/bookmark (HO)
) (/usr/local/texlive/2022/texmf-dist/tex/latex/letltxmacro/letltxmacro.sty
Package: letltxmacro 2019/12/03 v1.6 Let assignment for LaTeX macros (HO)
) (/usr/local/texlive/2022/texmf-dist/tex/latex/auxhook/auxhook.sty
Package: auxhook 2019-12-17 v1.6 Hooks for auxiliary files (HO)
) (/usr/local/texlive/2022/texmf-dist/tex/latex/hyperref/nameref.sty
Package: nameref 2022-05-17 v2.50 Cross-referencing by name of section
 (/usr/local/texlive/2022/texmf-dist/tex/latex/refcount/refcount.sty
Package: refcount 2019/12/15 v3.6 Data extraction from label references (HO)
) (/usr/local/texlive/2022/texmf-dist/tex/generic/gettitlestring/gettitlestring.sty
Package: gettitlestring 2019/12/15 v1.6 Cleanup title references (HO)
 (/usr/local/texlive/2022/texmf-dist/tex/latex/kvoptions/kvoptions.sty
Package: kvoptions 2022-06-15 v3.15 Key value format for package options (HO)
))
\c@section@level=\count282
)
\@linkdim=\dimen159
\Hy@linkcounter=\count283
\Hy@pagecounter=\count284
 (/usr/local/texlive/2022/texmf-dist/tex/latex/hyperref/pd1enc.def
File: pd1enc.def 2022-06-20 v7.00s Hyperref: PDFDocEncoding definition (HO)
Now handling font encoding PD1 ...
... no UTF-8 mapping file for font encoding PD1
) (/usr/local/texlive/2022/texmf-dist/tex/generic/intcalc/intcalc.sty
Package: intcalc 2019/12/15 v1.3 Expandable calculations with integers (HO)
) (/usr/local/texlive/2022/texmf-dist/tex/generic/etexcmds/etexcmds.sty
Package: etexcmds 2019/12/15 v1.7 Avoid name clashes with e-TeX commands (HO)
)
\Hy@SavedSpaceFactor=\count285
 (/usr/local/texlive/2022/texmf-dist/tex/latex/hyperref/puenc.def
File: puenc.def 2022-06-20 v7.00s Hyperref: PDF Unicode definition (HO)
Now handling font encoding PU ...
... no UTF-8 mapping file for font encoding PU
)
Package hyperref Info: Option `colorlinks' set `true' on input line 4045.
Package hyperref Info: Hyper figures OFF on input line 4162.
Package hyperref Info: Link nesting OFF on input line 4167.
Package hyperref Info: Hyper index ON on input line 4170.
Package hyperref Info: Plain pages OFF on input line 4177.
Package hyperref Info: Backreferencing OFF on input line 4182.
Package hyperref Info: Implicit mode ON; LaTeX internals redefined.
Package hyperref Info: Bookmarks ON on input line 4408.
\c@Hy@tempcnt=\count286
 (/usr/local/texlive/2022/texmf-dist/tex/latex/url/url.sty
\Urlmuskip=\muskip17
Package: url 2013/09/16  ver 3.4  Verb mode for urls, etc.
)
LaTeX Info: Redefining \url on input line 4746.
\XeTeXLinkMargin=\dimen160
 (/usr/local/texlive/2022/texmf-dist/tex/generic/bitset/bitset.sty
Package: bitset 2019/12/09 v1.3 Handle bit-vector datatype (HO)
 (/usr/local/texlive/2022/texmf-dist/tex/generic/bigintcalc/bigintcalc.sty
Package: bigintcalc 2019/12/15 v1.5 Expandable calculations on big integers (HO)
))
\Fld@menulength=\count287
\Field@Width=\dimen161
\Fld@charsize=\dimen162
Package hyperref Info: Hyper figures OFF on input line 6024.
Package hyperref Info: Link nesting OFF on input line 6029.
Package hyperref Info: Hyper index ON on input line 6032.
Package hyperref Info: backreferencing OFF on input line 6039.
Package hyperref Info: Link coloring ON on input line 6042.
Package hyperref Info: Link coloring with OCG OFF on input line 6049.
Package hyperref Info: PDF/A mode OFF on input line 6054.
 (/usr/local/texlive/2022/texmf-dist/tex/latex/base/atbegshi-ltx.sty
Package: atbegshi-ltx 2021/01/10 v1.0c Emulation of the original atbegshi
package with kernel methods
)
\Hy@abspage=\count288
\c@Item=\count289
\c@Hfootnote=\count290
)
Package hyperref Info: Driver (autodetected): hpdftex.
 (/usr/local/texlive/2022/texmf-dist/tex/latex/hyperref/hpdftex.def
File: hpdftex.def 2022-06-20 v7.00s Hyperref driver for pdfTeX
 (/usr/local/texlive/2022/texmf-dist/tex/latex/base/atveryend-ltx.sty
Package: atveryend-ltx 2020/08/19 v1.0a Emulation of the original atveryend package
with kernel methods
)
\Fld@listcount=\count291
\c@bookmark@seq@number=\count292
 (/usr/local/texlive/2022/texmf-dist/tex/latex/rerunfilecheck/rerunfilecheck.sty
Package: rerunfilecheck 2022-07-10 v1.10 Rerun checks for auxiliary files (HO)
 (/usr/local/texlive/2022/texmf-dist/tex/generic/uniquecounter/uniquecounter.sty
Package: uniquecounter 2019/12/15 v1.4 Provide unlimited unique counter (HO)
)
Package uniquecounter Info: New unique counter `rerunfilecheck' on input line 285.
)
\Hy@SectionHShift=\skip54
) (/usr/local/texlive/2022/texmf-dist/tex/latex/tikz-qtree/tikz-qtree.sty (/usr/local/texlive/2022/texmf-dist/tex/latex/pgf/frontendlayer/tikz.sty (/usr/local/texlive/2022/texmf-dist/tex/latex/pgf/basiclayer/pgf.sty (/usr/local/texlive/2022/texmf-dist/tex/latex/pgf/utilities/pgfrcs.sty (/usr/local/texlive/2022/texmf-dist/tex/generic/pgf/utilities/pgfutil-common.tex
\pgfutil@everybye=\toks26
\pgfutil@tempdima=\dimen163
\pgfutil@tempdimb=\dimen164
 (/usr/local/texlive/2022/texmf-dist/tex/generic/pgf/utilities/pgfutil-common-lists.tex)) (/usr/local/texlive/2022/texmf-dist/tex/generic/pgf/utilities/pgfutil-latex.def
\pgfutil@abb=\box55
) (/usr/local/texlive/2022/texmf-dist/tex/generic/pgf/utilities/pgfrcs.code.tex (/usr/local/texlive/2022/texmf-dist/tex/generic/pgf/pgf.revision.tex)
Package: pgfrcs 2021/05/15 v3.1.9a (3.1.9a)
))
Package: pgf 2021/05/15 v3.1.9a (3.1.9a)
 (/usr/local/texlive/2022/texmf-dist/tex/latex/pgf/basiclayer/pgfcore.sty (/usr/local/texlive/2022/texmf-dist/tex/latex/pgf/systemlayer/pgfsys.sty (/usr/local/texlive/2022/texmf-dist/tex/generic/pgf/systemlayer/pgfsys.code.tex
Package: pgfsys 2021/05/15 v3.1.9a (3.1.9a)
 (/usr/local/texlive/2022/texmf-dist/tex/generic/pgf/utilities/pgfkeys.code.tex
\pgfkeys@pathtoks=\toks27
\pgfkeys@temptoks=\toks28
 (/usr/local/texlive/2022/texmf-dist/tex/generic/pgf/utilities/pgfkeysfiltered.code.tex
\pgfkeys@tmptoks=\toks29
))
\pgf@x=\dimen165
\pgf@y=\dimen166
\pgf@xa=\dimen167
\pgf@ya=\dimen168
\pgf@xb=\dimen169
\pgf@yb=\dimen170
\pgf@xc=\dimen171
\pgf@yc=\dimen172
\pgf@xd=\dimen173
\pgf@yd=\dimen174
\w@pgf@writea=\write3
\r@pgf@reada=\read3
\c@pgf@counta=\count293
\c@pgf@countb=\count294
\c@pgf@countc=\count295
\c@pgf@countd=\count296
\t@pgf@toka=\toks30
\t@pgf@tokb=\toks31
\t@pgf@tokc=\toks32
\pgf@sys@id@count=\count297
 (/usr/local/texlive/2022/texmf-dist/tex/generic/pgf/systemlayer/pgf.cfg
File: pgf.cfg 2021/05/15 v3.1.9a (3.1.9a)
)
Driver file for pgf: pgfsys-pdftex.def
 (/usr/local/texlive/2022/texmf-dist/tex/generic/pgf/systemlayer/pgfsys-pdftex.def
File: pgfsys-pdftex.def 2021/05/15 v3.1.9a (3.1.9a)
 (/usr/local/texlive/2022/texmf-dist/tex/generic/pgf/systemlayer/pgfsys-common-pdf.def
File: pgfsys-common-pdf.def 2021/05/15 v3.1.9a (3.1.9a)
))) (/usr/local/texlive/2022/texmf-dist/tex/generic/pgf/systemlayer/pgfsyssoftpath.code.tex
File: pgfsyssoftpath.code.tex 2021/05/15 v3.1.9a (3.1.9a)
\pgfsyssoftpath@smallbuffer@items=\count298
\pgfsyssoftpath@bigbuffer@items=\count299
) (/usr/local/texlive/2022/texmf-dist/tex/generic/pgf/systemlayer/pgfsysprotocol.code.tex
File: pgfsysprotocol.code.tex 2021/05/15 v3.1.9a (3.1.9a)
)) (/usr/local/texlive/2022/texmf-dist/tex/latex/xcolor/xcolor.sty
Package: xcolor 2022/06/12 v2.14 LaTeX color extensions (UK)
 (/usr/local/texlive/2022/texmf-dist/tex/latex/graphics-cfg/color.cfg
File: color.cfg 2016/01/02 v1.6 sample color configuration
)
Package xcolor Info: Driver file: pdftex.def on input line 227.
 (/usr/local/texlive/2022/texmf-dist/tex/latex/graphics/mathcolor.ltx)
Package xcolor Info: Model `cmy' substituted by `cmy0' on input line 1353.
Package xcolor Info: Model `hsb' substituted by `rgb' on input line 1357.
Package xcolor Info: Model `RGB' extended on input line 1369.
Package xcolor Info: Model `HTML' substituted by `rgb' on input line 1371.
Package xcolor Info: Model `Hsb' substituted by `hsb' on input line 1372.
Package xcolor Info: Model `tHsb' substituted by `hsb' on input line 1373.
Package xcolor Info: Model `HSB' substituted by `hsb' on input line 1374.
Package xcolor Info: Model `Gray' substituted by `gray' on input line 1375.
Package xcolor Info: Model `wave' substituted by `hsb' on input line 1376.
) (/usr/local/texlive/2022/texmf-dist/tex/generic/pgf/basiclayer/pgfcore.code.tex
Package: pgfcore 2021/05/15 v3.1.9a (3.1.9a)
 (/usr/local/texlive/2022/texmf-dist/tex/generic/pgf/math/pgfmath.code.tex (/usr/local/texlive/2022/texmf-dist/tex/generic/pgf/math/pgfmathcalc.code.tex (/usr/local/texlive/2022/texmf-dist/tex/generic/pgf/math/pgfmathutil.code.tex) (/usr/local/texlive/2022/texmf-dist/tex/generic/pgf/math/pgfmathparser.code.tex
\pgfmath@dimen=\dimen175
\pgfmath@count=\count300
\pgfmath@box=\box56
\pgfmath@toks=\toks33
\pgfmath@stack@operand=\toks34
\pgfmath@stack@operation=\toks35
) (/usr/local/texlive/2022/texmf-dist/tex/generic/pgf/math/pgfmathfunctions.code.tex (/usr/local/texlive/2022/texmf-dist/tex/generic/pgf/math/pgfmathfunctions.basic.code.tex) (/usr/local/texlive/2022/texmf-dist/tex/generic/pgf/math/pgfmathfunctions.trigonometric.code.tex) (/usr/local/texlive/2022/texmf-dist/tex/generic/pgf/math/pgfmathfunctions.random.code.tex) (/usr/local/texlive/2022/texmf-dist/tex/generic/pgf/math/pgfmathfunctions.comparison.code.tex) (/usr/local/texlive/2022/texmf-dist/tex/generic/pgf/math/pgfmathfunctions.base.code.tex) (/usr/local/texlive/2022/texmf-dist/tex/generic/pgf/math/pgfmathfunctions.round.code.tex) (/usr/local/texlive/2022/texmf-dist/tex/generic/pgf/math/pgfmathfunctions.misc.code.tex) (/usr/local/texlive/2022/texmf-dist/tex/generic/pgf/math/pgfmathfunctions.integerarithmetics.code.tex))) (/usr/local/texlive/2022/texmf-dist/tex/generic/pgf/math/pgfmathfloat.code.tex
\c@pgfmathroundto@lastzeros=\count301
)) (/usr/local/texlive/2022/texmf-dist/tex/generic/pgf/math/pgfint.code.tex) (/usr/local/texlive/2022/texmf-dist/tex/generic/pgf/basiclayer/pgfcorepoints.code.tex
File: pgfcorepoints.code.tex 2021/05/15 v3.1.9a (3.1.9a)
\pgf@picminx=\dimen176
\pgf@picmaxx=\dimen177
\pgf@picminy=\dimen178
\pgf@picmaxy=\dimen179
\pgf@pathminx=\dimen180
\pgf@pathmaxx=\dimen181
\pgf@pathminy=\dimen182
\pgf@pathmaxy=\dimen183
\pgf@xx=\dimen184
\pgf@xy=\dimen185
\pgf@yx=\dimen186
\pgf@yy=\dimen187
\pgf@zx=\dimen188
\pgf@zy=\dimen189
) (/usr/local/texlive/2022/texmf-dist/tex/generic/pgf/basiclayer/pgfcorepathconstruct.code.tex
File: pgfcorepathconstruct.code.tex 2021/05/15 v3.1.9a (3.1.9a)
\pgf@path@lastx=\dimen190
\pgf@path@lasty=\dimen191
) (/usr/local/texlive/2022/texmf-dist/tex/generic/pgf/basiclayer/pgfcorepathusage.code.tex
File: pgfcorepathusage.code.tex 2021/05/15 v3.1.9a (3.1.9a)
\pgf@shorten@end@additional=\dimen192
\pgf@shorten@start@additional=\dimen193
) (/usr/local/texlive/2022/texmf-dist/tex/generic/pgf/basiclayer/pgfcorescopes.code.tex
File: pgfcorescopes.code.tex 2021/05/15 v3.1.9a (3.1.9a)
\pgfpic=\box57
\pgf@hbox=\box58
\pgf@layerbox@main=\box59
\pgf@picture@serial@count=\count302
) (/usr/local/texlive/2022/texmf-dist/tex/generic/pgf/basiclayer/pgfcoregraphicstate.code.tex
File: pgfcoregraphicstate.code.tex 2021/05/15 v3.1.9a (3.1.9a)
\pgflinewidth=\dimen194
) (/usr/local/texlive/2022/texmf-dist/tex/generic/pgf/basiclayer/pgfcoretransformations.code.tex
File: pgfcoretransformations.code.tex 2021/05/15 v3.1.9a (3.1.9a)
\pgf@pt@x=\dimen195
\pgf@pt@y=\dimen196
\pgf@pt@temp=\dimen197
) (/usr/local/texlive/2022/texmf-dist/tex/generic/pgf/basiclayer/pgfcorequick.code.tex
File: pgfcorequick.code.tex 2021/05/15 v3.1.9a (3.1.9a)
) (/usr/local/texlive/2022/texmf-dist/tex/generic/pgf/basiclayer/pgfcoreobjects.code.tex
File: pgfcoreobjects.code.tex 2021/05/15 v3.1.9a (3.1.9a)
) (/usr/local/texlive/2022/texmf-dist/tex/generic/pgf/basiclayer/pgfcorepathprocessing.code.tex
File: pgfcorepathprocessing.code.tex 2021/05/15 v3.1.9a (3.1.9a)
) (/usr/local/texlive/2022/texmf-dist/tex/generic/pgf/basiclayer/pgfcorearrows.code.tex
File: pgfcorearrows.code.tex 2021/05/15 v3.1.9a (3.1.9a)
\pgfarrowsep=\dimen198
) (/usr/local/texlive/2022/texmf-dist/tex/generic/pgf/basiclayer/pgfcoreshade.code.tex
File: pgfcoreshade.code.tex 2021/05/15 v3.1.9a (3.1.9a)
\pgf@max=\dimen199
\pgf@sys@shading@range@num=\count303
\pgf@shadingcount=\count304
) (/usr/local/texlive/2022/texmf-dist/tex/generic/pgf/basiclayer/pgfcoreimage.code.tex
File: pgfcoreimage.code.tex 2021/05/15 v3.1.9a (3.1.9a)
 (/usr/local/texlive/2022/texmf-dist/tex/generic/pgf/basiclayer/pgfcoreexternal.code.tex
File: pgfcoreexternal.code.tex 2021/05/15 v3.1.9a (3.1.9a)
\pgfexternal@startupbox=\box60
)) (/usr/local/texlive/2022/texmf-dist/tex/generic/pgf/basiclayer/pgfcorelayers.code.tex
File: pgfcorelayers.code.tex 2021/05/15 v3.1.9a (3.1.9a)
) (/usr/local/texlive/2022/texmf-dist/tex/generic/pgf/basiclayer/pgfcoretransparency.code.tex
File: pgfcoretransparency.code.tex 2021/05/15 v3.1.9a (3.1.9a)
) (/usr/local/texlive/2022/texmf-dist/tex/generic/pgf/basiclayer/pgfcorepatterns.code.tex
File: pgfcorepatterns.code.tex 2021/05/15 v3.1.9a (3.1.9a)
) (/usr/local/texlive/2022/texmf-dist/tex/generic/pgf/basiclayer/pgfcorerdf.code.tex
File: pgfcorerdf.code.tex 2021/05/15 v3.1.9a (3.1.9a)
))) (/usr/local/texlive/2022/texmf-dist/tex/generic/pgf/modules/pgfmoduleshapes.code.tex
File: pgfmoduleshapes.code.tex 2021/05/15 v3.1.9a (3.1.9a)
\pgfnodeparttextbox=\box61
) (/usr/local/texlive/2022/texmf-dist/tex/generic/pgf/modules/pgfmoduleplot.code.tex
File: pgfmoduleplot.code.tex 2021/05/15 v3.1.9a (3.1.9a)
) (/usr/local/texlive/2022/texmf-dist/tex/latex/pgf/compatibility/pgfcomp-version-0-65.sty
Package: pgfcomp-version-0-65 2021/05/15 v3.1.9a (3.1.9a)
\pgf@nodesepstart=\dimen256
\pgf@nodesepend=\dimen257
) (/usr/local/texlive/2022/texmf-dist/tex/latex/pgf/compatibility/pgfcomp-version-1-18.sty
Package: pgfcomp-version-1-18 2021/05/15 v3.1.9a (3.1.9a)
)) (/usr/local/texlive/2022/texmf-dist/tex/latex/pgf/utilities/pgffor.sty (/usr/local/texlive/2022/texmf-dist/tex/latex/pgf/utilities/pgfkeys.sty (/usr/local/texlive/2022/texmf-dist/tex/generic/pgf/utilities/pgfkeys.code.tex)) (/usr/local/texlive/2022/texmf-dist/tex/latex/pgf/math/pgfmath.sty (/usr/local/texlive/2022/texmf-dist/tex/generic/pgf/math/pgfmath.code.tex)) (/usr/local/texlive/2022/texmf-dist/tex/generic/pgf/utilities/pgffor.code.tex
Package: pgffor 2021/05/15 v3.1.9a (3.1.9a)
 (/usr/local/texlive/2022/texmf-dist/tex/generic/pgf/math/pgfmath.code.tex)
\pgffor@iter=\dimen258
\pgffor@skip=\dimen259
\pgffor@stack=\toks36
\pgffor@toks=\toks37
)) (/usr/local/texlive/2022/texmf-dist/tex/generic/pgf/frontendlayer/tikz/tikz.code.tex
Package: tikz 2021/05/15 v3.1.9a (3.1.9a)
 (/usr/local/texlive/2022/texmf-dist/tex/generic/pgf/libraries/pgflibraryplothandlers.code.tex
File: pgflibraryplothandlers.code.tex 2021/05/15 v3.1.9a (3.1.9a)
\pgf@plot@mark@count=\count305
\pgfplotmarksize=\dimen260
)
\tikz@lastx=\dimen261
\tikz@lasty=\dimen262
\tikz@lastxsaved=\dimen263
\tikz@lastysaved=\dimen264
\tikz@lastmovetox=\dimen265
\tikz@lastmovetoy=\dimen266
\tikzleveldistance=\dimen267
\tikzsiblingdistance=\dimen268
\tikz@figbox=\box62
\tikz@figbox@bg=\box63
\tikz@tempbox=\box64
\tikz@tempbox@bg=\box65
\tikztreelevel=\count306
\tikznumberofchildren=\count307
\tikznumberofcurrentchild=\count308
\tikz@fig@count=\count309
 (/usr/local/texlive/2022/texmf-dist/tex/generic/pgf/modules/pgfmodulematrix.code.tex
File: pgfmodulematrix.code.tex 2021/05/15 v3.1.9a (3.1.9a)
\pgfmatrixcurrentrow=\count310
\pgfmatrixcurrentcolumn=\count311
\pgf@matrix@numberofcolumns=\count312
)
\tikz@expandcount=\count313
 (/usr/local/texlive/2022/texmf-dist/tex/generic/pgf/frontendlayer/tikz/libraries/tikzlibrarytopaths.code.tex
File: tikzlibrarytopaths.code.tex 2021/05/15 v3.1.9a (3.1.9a)
))) (/usr/local/texlive/2022/texmf-dist/tex/latex/tikz-qtree/pgftree.sty (/usr/local/texlive/2022/texmf-dist/tex/latex/tikz-qtree/pgfsubpic.sty (/usr/local/texlive/2022/texmf-dist/tex/latex/tikz-qtree/pgfsubpic.tex
\pgf@subpicminx=\dimen269
\pgf@subpicminy=\dimen270
\pgf@subpicmaxx=\dimen271
\pgf@subpicmaxy=\dimen272
)) (/usr/local/texlive/2022/texmf-dist/tex/latex/tikz-qtree/pgftree.tex
\levelsep=\dimen273
\subtreesep=\dimen274
\smuggle@levelsep=\dimen275
\smuggle@subtreesep=\dimen276
\this@levelsep=\dimen277
\this@subtreesep=\dimen278
\pgftree@childx=\dimen279
\pgftree@savechildx=\dimen280
\pgftree@childy=\dimen281
\pgftree@savechildy=\dimen282
\pgftree@childi=\count314
\pgftree@savechildi=\count315
\pgftree@level=\count316
\pgftree@depth=\dimen283
\pgf@subpic@hbox@children=\box66
\pgf@subpic@minx@children=\dimen284
\pgf@subpic@miny@children=\dimen285
\pgf@subpic@maxx@children=\dimen286
\pgf@subpic@maxy@children=\dimen287
\pgftree@lastchildx=\dimen288
\pgftree@lastchildy=\dimen289
)) (/usr/local/texlive/2022/texmf-dist/tex/latex/tikz-qtree/tikz-qtree.tex
\@result=\toks38
\child@list=\toks39
\root@node=\toks40
)) (/usr/local/texlive/2022/texmf-dist/tex/generic/pgf/libraries/pgflibraryarrows.meta.code.tex
File: pgflibraryarrows.meta.code.tex 2021/05/15 v3.1.9a (3.1.9a)
\pgfarrowinset=\dimen290
\pgfarrowlength=\dimen291
\pgfarrowwidth=\dimen292
\pgfarrowlinewidth=\dimen293
) (/usr/local/texlive/2022/texmf-dist/tex/generic/pgf/frontendlayer/tikz/libraries/tikzlibrarybending.code.tex
File: tikzlibrarybending.code.tex 2021/05/15 v3.1.9a (3.1.9a)
 (/usr/local/texlive/2022/texmf-dist/tex/generic/pgf/modules/pgfmodulebending.code.tex
File: pgfmodulebending.code.tex 2021/05/15 v3.1.9a (3.1.9a)
 (/usr/local/texlive/2022/texmf-dist/tex/generic/pgf/modules/pgfmodulenonlineartransformations.code.tex
File: pgfmodulenonlineartransformations.code.tex 2021/05/15 v3.1.9a (3.1.9a)
\pgftransformnonlinearflatness=\dimen294
) (/usr/local/texlive/2022/texmf-dist/tex/generic/pgf/libraries/pgflibrarycurvilinear.code.tex
File: pgflibrarycurvilinear.code.tex 2021/05/15 v3.1.9a (3.1.9a)
\pgf@curvilinear@time@a=\dimen295
\pgf@curvilinear@length@a=\dimen296
\pgf@curvilinear@length@b=\dimen297
\pgf@curvilinear@length@c=\dimen298
\pgf@curvilinear@length@d=\dimen299
)
\pgf@arrows@the@rigidity=\dimen300
)) (/usr/local/texlive/2022/texmf-dist/tex/generic/pgf/frontendlayer/tikz/libraries/tikzlibrarypositioning.code.tex
File: tikzlibrarypositioning.code.tex 2021/05/15 v3.1.9a (3.1.9a)
) (/usr/local/texlive/2022/texmf-dist/tex/latex/listings/listings.sty
\lst@mode=\count317
\lst@gtempboxa=\box67
\lst@token=\toks41
\lst@length=\count318
\lst@currlwidth=\dimen301
\lst@column=\count319
\lst@pos=\count320
\lst@lostspace=\dimen302
\lst@width=\dimen303
\lst@newlines=\count321
\lst@lineno=\count322
\lst@maxwidth=\dimen304
 (/usr/local/texlive/2022/texmf-dist/tex/latex/listings/lstmisc.sty
File: lstmisc.sty 2020/03/24 1.8d (Carsten Heinz)
\c@lstnumber=\count323
\lst@skipnumbers=\count324
\lst@framebox=\box68
) (/usr/local/texlive/2022/texmf-dist/tex/latex/listings/listings.cfg
File: listings.cfg 2020/03/24 1.8d listings configuration
))
Package: listings 2020/03/24 1.8d (Carsten Heinz)
 (/usr/local/texlive/2022/texmf-dist/tex/latex/subfiles/subfiles.sty
Package: subfiles 2020/11/14 v2.2 Multi-file projects (package)
 (/usr/local/texlive/2022/texmf-dist/tex/latex/import/import.sty
Package: import 2020/04/01  v 6.2
)) (/usr/local/texlive/2022/texmf-dist/tex/latex/appendix/appendix.sty
Package: appendix 2020/02/08 v1.2c extra appendix facilities
\c@@pps=\count325
\c@@ppsavesec=\count326
\c@@ppsaveapp=\count327
)
(/usr/local/texlive/2022/texmf-dist/tex/latex/tools/tabularx.sty
Package: tabularx 2020/01/15 v2.11c `tabularx' package (DPC)
 (/usr/local/texlive/2022/texmf-dist/tex/latex/tools/array.sty
Package: array 2022/03/10 v2.5f Tabular extension package (FMi)
\col@sep=\dimen305
\ar@mcellbox=\box69
\extrarowheight=\dimen306
\NC@list=\toks42
\extratabsurround=\skip55
\backup@length=\skip56
\ar@cellbox=\box70
)
\TX@col@width=\dimen307
\TX@old@table=\dimen308
\TX@old@col=\dimen309
\TX@target=\dimen310
\TX@delta=\dimen311
\TX@cols=\count328
\TX@ftn=\toks43
) (/usr/local/texlive/2022/texmf-dist/tex/latex/multirow/multirow.sty
Package: multirow 2021/03/15 v2.8 Span multiple rows of a table
\multirow@colwidth=\skip57
\multirow@cntb=\count329
\multirow@dima=\skip58
\bigstrutjot=\dimen312
) (/usr/local/texlive/2022/texmf-dist/tex/latex/spverbatim/spverbatim.sty
Package: spverbatim 2009/08/10 v1.0 Verbatim with breakable spaces
) (/usr/local/texlive/2022/texmf-dist/tex/latex/makecell/makecell.sty
Package: makecell 2009/08/03 V0.1e Managing of Tab Column Heads and Cells
\rotheadsize=\dimen313
\c@nlinenum=\count330
\TeXr@lab=\toks44
) (/usr/local/texlive/2022/texmf-dist/tex/latex/l3backend/l3backend-pdftex.def
File: l3backend-pdftex.def 2022-08-05 L3 backend support: PDF output (pdfTeX)
\l__color_backend_stack_int=\count331
\l__pdf_internal_box=\box71
) (./main.aux)
\openout1 = `main.aux'.

LaTeX Font Info:    Checking defaults for OML/cmm/m/it on input line 33.
LaTeX Font Info:    ... okay on input line 33.
LaTeX Font Info:    Checking defaults for OMS/cmsy/m/n on input line 33.
LaTeX Font Info:    ... okay on input line 33.
LaTeX Font Info:    Checking defaults for OT1/cmr/m/n on input line 33.
LaTeX Font Info:    ... okay on input line 33.
LaTeX Font Info:    Checking defaults for T1/cmr/m/n on input line 33.
LaTeX Font Info:    ... okay on input line 33.
LaTeX Font Info:    Checking defaults for TS1/cmr/m/n on input line 33.
LaTeX Font Info:    ... okay on input line 33.
LaTeX Font Info:    Checking defaults for OMX/cmex/m/n on input line 33.
LaTeX Font Info:    ... okay on input line 33.
LaTeX Font Info:    Checking defaults for U/cmr/m/n on input line 33.
LaTeX Font Info:    ... okay on input line 33.
LaTeX Font Info:    Checking defaults for PD1/pdf/m/n on input line 33.
LaTeX Font Info:    ... okay on input line 33.
LaTeX Font Info:    Checking defaults for PU/pdf/m/n on input line 33.
LaTeX Font Info:    ... okay on input line 33.

*geometry* driver: auto-detecting
*geometry* detected driver: pdftex
*geometry* verbose mode - [ preamble ] result:
* driver: pdftex
* paper: letterpaper
* layout: <same size as paper>
* layoutoffset:(h,v)=(0.0pt,0.0pt)
* modes: 
* h-part:(L,W,R)=(85.35826pt, 443.57848pt, 85.35826pt)
* v-part:(T,H,B)=(56.9055pt, 681.15898pt, 56.9055pt)
* \paperwidth=614.295pt
* \paperheight=794.96999pt
* \textwidth=443.57848pt
* \textheight=681.15898pt
* \oddsidemargin=13.08827pt
* \evensidemargin=13.08827pt
* \topmargin=-52.36449pt
* \headheight=12.0pt
* \headsep=25.0pt
* \topskip=10.0pt
* \footskip=30.0pt
* \marginparwidth=49.79231pt
* \marginparsep=11.0pt
* \columnsep=10.0pt
* \skip\footins=9.0pt plus 4.0pt minus 2.0pt
* \hoffset=0.0pt
* \voffset=0.0pt
* \mag=1000
* \@twocolumnfalse
* \@twosidefalse
* \@mparswitchfalse
* \@reversemarginfalse
* (1in=72.27pt=25.4mm, 1cm=28.453pt)

(/usr/local/texlive/2022/texmf-dist/tex/context/base/mkii/supp-pdf.mkii
[Loading MPS to PDF converter (version 2006.09.02).]
\scratchcounter=\count332
\scratchdimen=\dimen314
\scratchbox=\box72
\nofMPsegments=\count333
\nofMParguments=\count334
\everyMPshowfont=\toks45
\MPscratchCnt=\count335
\MPscratchDim=\dimen315
\MPnumerator=\count336
\makeMPintoPDFobject=\count337
\everyMPtoPDFconversion=\toks46
) (/usr/local/texlive/2022/texmf-dist/tex/latex/epstopdf-pkg/epstopdf-base.sty
Package: epstopdf-base 2020-01-24 v2.11 Base part for package epstopdf
Package epstopdf-base Info: Redefining graphics rule for `.eps' on input line 485.
 (/usr/local/texlive/2022/texmf-dist/tex/latex/latexconfig/epstopdf-sys.cfg
File: epstopdf-sys.cfg 2010/07/13 v1.3 Configuration of (r)epstopdf for TeX Live
))
Package hyperref Info: Link coloring ON on input line 33.
\@outlinefile=\write4
\openout4 = `main.out'.

\c@lstlisting=\count338


LaTeX Warning: Citation `buterin2013ethereum' on page 1 undefined on input line 48.


LaTeX Warning: Citation `jentzsch2016decentralized' on page 1 undefined on input line 48.

(./sub_principles.tex [1

{/usr/local/texlive/2022/texmf-var/fonts/map/pdftex/updmap/pdftex.map}] [2] [3]

LaTeX Warning: Reference `table:6' on page 4 undefined on input line 92.


Overfull \hbox (18.2558pt too wide) in paragraph at lines 96--115
 [][] 
 []


LaTeX Warning: `!h' float specifier changed to `!ht'.

[4] [5]

LaTeX Warning: Reference `table:4' on page 6 undefined on input line 155.


LaTeX Warning: `!h' float specifier changed to `!ht'.


LaTeX Warning: Reference `table:5' on page 6 undefined on input line 199.


Overfull \hbox (71.18907pt too wide) in paragraph at lines 203--233
 [][] 
 []


LaTeX Warning: `!h' float specifier changed to `!ht'.

) (./sub_architecture.tex

LaTeX Warning: Citation `soliditylangSolidityx2014' on page 6 undefined on input line 6.


LaTeX Warning: Citation `ethereumEIP170Contract' on page 6 undefined on input line 6.


LaTeX Warning: Citation `ethersDocumentation' on page 6 undefined on input line 6.


LaTeX Warning: Reference `fig:architecture' on page 6 undefined on input line 8.

<architecture.png, id=53, 1566.85374pt x 743.77875pt>
File: architecture.png Graphic file (type png)
<use architecture.png>
Package pdftex.def Info: architecture.png  used on input line 12.
(pdftex.def)             Requested size: 443.57848pt x 210.5605pt.
[6] [7] [8] [9 <./architecture.png>]

LaTeX Warning: Reference `fig:workflow' on page 10 undefined on input line 52.

<execution_flow.drawio.png, id=86, 2413.015pt x 3456.915pt>
File: execution_flow.drawio.png Graphic file (type png)
<use execution_flow.drawio.png>
Package pdftex.def Info: execution_flow.drawio.png  used on input line 56.
(pdftex.def)             Requested size: 443.57848pt x 635.45766pt.
[10] [11 <./execution_flow.drawio.png>]
Overfull \hbox (21.17729pt too wide) in paragraph at lines 116--117
\OT1/cmr/m/n/10 only way to add with-draw-able to-kens to the ad-dress bal-ance is to ex-e-cute \OT1/cmtt/m/n/10 BATCH[]ADD[]WITHDRAWABLE[]BALANCE
 []


Overfull \hbox (26.34134pt too wide) in paragraph at lines 118--119
[]\OT1/cmr/m/n/10 To with-draw the na-tive to-kens from the DARC to the ad-dress, the op-er-a-tor can ex-e-cute \OT1/cmtt/m/n/10 WITHDRAW[]CASH[]TO
 []

[12]

LaTeX Warning: Reference `fig:workflow' on page 13 undefined on input line 159.


Overfull \hbox (18.53476pt too wide) in paragraph at lines 165--166
[]\OT1/cmr/m/n/10 Return type: the de-ci-sion of the plu-gin when the con-di-tion is trig-gered, in-clud-ing \OT1/cmtt/m/n/10 YES\OT1/cmr/m/n/10 , \OT1/cmtt/m/n/10 VOTING[]NEEDED\OT1/cmr/m/n/10 ,
 []

[13] [14]) (./sub_bylawscript.tex

LaTeX Warning: Reference `fig:byLaw' on page 15 undefined on input line 18.

<by-law.drawio.large.png, id=118, 6835.5375pt x 4326.1625pt>
File: by-law.drawio.large.png Graphic file (type png)
<use by-law.drawio.large.png>
Package pdftex.def Info: by-law.drawio.large.png  used on input line 24.
(pdftex.def)             Requested size: 443.57848pt x 280.68234pt.

LaTeX Warning: Citation `githubGitHubBabelbabel' on page 15 undefined on input line 31.

[15]
<by-law-script-process.drawio.png, id=127, 3517.14pt x 5223.515pt>
File: by-law-script-process.drawio.png Graphic file (type png)
<use by-law-script-process.drawio.png>
Package pdftex.def Info: by-law-script-process.drawio.png  used on input line 47.
(pdftex.def)             Requested size: 443.57848pt x 658.7562pt.


LaTeX Warning: Float too large for page by 1.54166pt on input line 49.


LaTeX Warning: Reference `fig:by-law-plugin' on page 16 undefined on input line 51.

) (./sub_multi_token_system.tex [16 <./by-law.drawio.large.png>] [17 <./by-law-script-process.drawio.png>] [18] [19] [20] [21]

LaTeX Warning: Reference `table:3' on page 22 undefined on input line 260.

[22] [23] [24] [25] [26]

LaTeX Warning: Citation `ethereumERC721NonFungible' on page 27 undefined on input line 484.

) (./sub_plugins.tex [27]

LaTeX Warning: Reference `fig:condition-nodes' on page 28 undefined on input line 49.

<plugin_condition_nodes.drawio.png, id=199, 3256.165pt x 3697.815pt>
File: plugin_condition_nodes.drawio.png Graphic file (type png)
<use plugin_condition_nodes.drawio.png>
Package pdftex.def Info: plugin_condition_nodes.drawio.png  used on input line 53.
(pdftex.def)             Requested size: 443.57848pt x 503.69742pt.
[28] [29 <./plugin_condition_nodes.drawio.png>]
<judgement_plugin_levels_before_ops.drawio.png, id=219, 5705.315pt x 4577.1pt>
File: judgement_plugin_levels_before_ops.drawio.png Graphic file (type png)
<use judgement_plugin_levels_before_ops.drawio.png>
Package pdftex.def Info: judgement_plugin_levels_before_ops.drawio.png  used on input line 91.
(pdftex.def)             Requested size: 443.57848pt x 355.83904pt.


LaTeX Warning: Reference `fig:judgement-before-op' on page 30 undefined on input line 96.

<judgement_plugin_levels_after_ops.drawio.png, id=220, 5705.315pt x 4577.1pt>
File: judgement_plugin_levels_after_ops.drawio.png Graphic file (type png)
<use judgement_plugin_levels_after_ops.drawio.png>
Package pdftex.def Info: judgement_plugin_levels_after_ops.drawio.png  used on input line 107.
(pdftex.def)             Requested size: 443.57848pt x 355.83904pt.

LaTeX Warning: Reference `fig:judgement-after-op' on page 30 undefined on input line 111.

) (./sub_voting.tex

LaTeX Warning: Reference `fig:FSM' on page 30 undefined on input line 8.

[30] [31 <./judgement_plugin_levels_before_ops.drawio.png>] [32 <./judgement_plugin_levels_after_ops.drawio.png>]
<finite_state_machine.drawio.large.png, id=246, 5430.2875pt x 3723.9125pt>
File: finite_state_machine.drawio.large.png Graphic file (type png)
<use finite_state_machine.drawio.large.png>
Package pdftex.def Info: finite_state_machine.drawio.large.png  used on input line 18.
(pdftex.def)             Requested size: 443.57848pt x 304.16954pt.
 [33 <./finite_state_machine.drawio.large.png>] [34]

LaTeX Warning: Reference `fig:voting_item' on page 35 undefined on input line 102.

<voting_item.drawio.png, id=259, 2934.965pt x 2011.515pt>
File: voting_item.drawio.png Graphic file (type png)
<use voting_item.drawio.png>
Package pdftex.def Info: voting_item.drawio.png  used on input line 106.
(pdftex.def)             Requested size: 443.57848pt x 303.98553pt.
[35] [36 <./voting_item.drawio.png>]) (./sub_memberships.tex

LaTeX Warning: Reference `table:1' on page 37 undefined on input line 10.

[37]) (./sub_dividends.tex [38]) (./sub_emergency.tex [39]) (./sub_upgradablity.tex

LaTeX Warning: Citation `proxy' on page 40 undefined on input line 7.


LaTeX Warning: Citation `ethereumERC1967Proxy' on page 40 undefined on input line 7.

[40]

LaTeX Warning: Reference `fig:upgrade' on page 41 undefined on input line 33.

<upgradability.drawio.png, id=309, 3533.2pt x 4219.765pt>
File: upgradability.drawio.png Graphic file (type png)
<use upgradability.drawio.png>
Package pdftex.def Info: upgradability.drawio.png  used on input line 38.
(pdftex.def)             Requested size: 443.57848pt x 529.72293pt.

LaTeX Warning: Reference `fig:upgrade-multi' on page 41 undefined on input line 53.

<upgradablity-multi.drawio.png, id=310, 5062.915pt x 7873.415pt>
File: upgradablity-multi.drawio.png Graphic file (type png)
<use upgradablity-multi.drawio.png>
Package pdftex.def Info: upgradablity-multi.drawio.png  used on input line 62.
(pdftex.def)             Requested size: 443.57848pt x 689.71504pt.

LaTeX Warning: Float too large for page by 32.5005pt on input line 64.

) (./sub_discussion.tex [41] [42 <./upgradability.drawio.png>] [43 <./upgradablity-multi.drawio.png>]) (./main.bbl) (./sub_appendix.tex
Overfull \hbox (23.66745pt too wide) in paragraph at lines 342--342
[][] [] [] \OT1/cmtt/m/n/10 *[] @param[] ADDRESS_2DARRAY[0][] address[][] toAddressArray:[] the[] array[] of[] the[] address[] to[] mint[]
 []


Overfull \hbox (7.91759pt too wide) in paragraph at lines 342--342
[][] [] [] \OT1/cmtt/m/n/10 *[] @param[] UINT256_2DARRAY[0][] uint256[][] tokenClassArray:[] the[] array[] of[] the[] token[] class[]
 []


Overfull \hbox (28.9174pt too wide) in paragraph at lines 342--342
[][] [] [] \OT1/cmtt/m/n/10 *[] @param[] UINT256_2DARRAY[1][] uint256[][] amountArray:[] the[] array[] of[] the[] amount[] of[] the[] token[]
 []


Overfull \hbox (13.16754pt too wide) in paragraph at lines 342--342
[][] [] [] \OT1/cmtt/m/n/10 *[] @param[] STRING_ARRAY[][] string[][] nameArray:[] the[] array[] of[] the[] name[] of[] the[] token[] class[]
 []


Overfull \hbox (7.91759pt too wide) in paragraph at lines 342--342
[][] [] [] \OT1/cmtt/m/n/10 *[] @param[] UINT256_2DARRAY[0][] uint256[][] tokenIndexArray:[] the[] array[] of[] the[] token[] index[]
 []


Overfull \hbox (28.9174pt too wide) in paragraph at lines 342--342
[][] [] [] \OT1/cmtt/m/n/10 *[] @param[] UINT256_2DARRAY[1][] uint256[][] votingWeightArray:[] the[] array[] of[] the[] voting[] weight[]
 []


Overfull \hbox (13.16754pt too wide) in paragraph at lines 342--342
[][] [] [] \OT1/cmtt/m/n/10 *[] @param[] UINT256_2DARRAY[2][] uint256[][] dividendWeightArray:[] the[] array[] of[] the[] dividend[]
 []


Overfull \hbox (44.66727pt too wide) in paragraph at lines 342--342
[][] [] [] \OT1/cmtt/m/n/10 *[] @param[] ADDRESS_2DARRAY[0][] address[][] toAddressArray:[] the[] array[] of[] the[] address[] to[] transfer[]
 []


Overfull \hbox (7.91759pt too wide) in paragraph at lines 342--342
[][] [] [] \OT1/cmtt/m/n/10 *[] @param[] UINT256_2DARRAY[0][] uint256[][] tokenClassArray:[] the[] array[] of[] the[] token[] class[]
 []

[44]
Overfull \hbox (28.9174pt too wide) in paragraph at lines 342--342
[][] [] [] \OT1/cmtt/m/n/10 *[] @param[] UINT256_2DARRAY[1][] uint256[][] amountArray:[] the[] array[] of[] the[] amount[] of[] the[] token[]
 []


Overfull \hbox (7.91759pt too wide) in paragraph at lines 342--342
[][] [] [] \OT1/cmtt/m/n/10 *[] @param[] ADDRESS_2DARRAY[0][] address[][] fromAddressArray:[] the[] array[] of[] the[] address[] to[]
 []


Overfull \hbox (44.66727pt too wide) in paragraph at lines 342--342
[][] [] [] \OT1/cmtt/m/n/10 *[] @param[] ADDRESS_2DARRAY[1][] address[][] toAddressArray:[] the[] array[] of[] the[] address[] to[] transfer[]
 []


Overfull \hbox (7.91759pt too wide) in paragraph at lines 342--342
[][] [] [] \OT1/cmtt/m/n/10 *[] @param[] UINT256_2DARRAY[0][] uint256[][] tokenClassArray:[] the[] array[] of[] the[] token[] class[]
 []


Overfull \hbox (28.9174pt too wide) in paragraph at lines 342--342
[][] [] [] \OT1/cmtt/m/n/10 *[] @param[] UINT256_2DARRAY[1][] uint256[][] amountArray:[] the[] array[] of[] the[] amount[] of[] the[] token[]
 []


Overfull \hbox (7.91759pt too wide) in paragraph at lines 342--342
[][] [] [] \OT1/cmtt/m/n/10 *[] @param[] UINT256_2DARRAY[0][] uint256[][] tokenClassArray:[] the[] array[] of[] the[] token[] class[]
 []


Overfull \hbox (28.9174pt too wide) in paragraph at lines 342--342
[][] [] [] \OT1/cmtt/m/n/10 *[] @param[] UINT256_2DARRAY[1][] uint256[][] amountArray:[] the[] array[] of[] the[] amount[] of[] the[] token[]
 []


Overfull \hbox (7.91759pt too wide) in paragraph at lines 342--342
[][] [] [] \OT1/cmtt/m/n/10 *[] @param[] ADDRESS_2DARRAY[0][] address[][] fromAddressArray:[] the[] array[] of[] the[] address[] to[]
 []


Overfull \hbox (7.91759pt too wide) in paragraph at lines 342--342
[][] [] [] \OT1/cmtt/m/n/10 *[] @param[] UINT256_2DARRAY[0][] uint256[][] tokenClassArray:[] the[] array[] of[] the[] token[] class[]
 []


Overfull \hbox (28.9174pt too wide) in paragraph at lines 342--342
[][] [] [] \OT1/cmtt/m/n/10 *[] @param[] UINT256_2DARRAY[1][] uint256[][] amountArray:[] the[] array[] of[] the[] amount[] of[] the[] token[]
 []


Overfull \hbox (2.66763pt too wide) in paragraph at lines 342--342
[][] [] [] \OT1/cmtt/m/n/10 *[] @param[] ADDRESS_2DARRAY[0][] address[][] memberAddressArray:[] the[] array[] of[] the[] address[]
 []


Overfull \hbox (7.91759pt too wide) in paragraph at lines 342--342
[][] [] [] \OT1/cmtt/m/n/10 *[] @param[] UINT256_2DARRAY[0][] uint256[][] memberRoleArray:[] the[] array[] of[] the[] role[] of[] the[]
 []


Overfull \hbox (7.91759pt too wide) in paragraph at lines 342--342
[][] [] [] \OT1/cmtt/m/n/10 *[] @param[] STRING_ARRAY[] string[][] memberNameArray:[] the[] array[] of[] the[] name[] of[] the[] member[]
 []

[45]
Overfull \hbox (2.66763pt too wide) in paragraph at lines 342--342
[][] [] [] \OT1/cmtt/m/n/10 *[] @param[] ADDRESS_2DARRAY[0][] address[][] memberAddressArray:[] the[] array[] of[] the[] address[]
 []


Overfull \hbox (2.66763pt too wide) in paragraph at lines 342--342
[][] [] [] \OT1/cmtt/m/n/10 *[] @param[] ADDRESS_2DARRAY[0][] address[][] memberAddressArray:[] the[] array[] of[] the[] address[]
 []


Overfull \hbox (2.66763pt too wide) in paragraph at lines 342--342
[][] [] [] \OT1/cmtt/m/n/10 *[] @param[] ADDRESS_2DARRAY[0][] address[][] memberAddressArray:[] the[] array[] of[] the[] address[]
 []


Overfull \hbox (7.91759pt too wide) in paragraph at lines 342--342
[][] [] [] \OT1/cmtt/m/n/10 *[] @param[] UINT256_2DARRAY[0][] uint256[][] memberRoleArray:[] the[] array[] of[] the[] role[] of[] the[]
 []


Overfull \hbox (2.66763pt too wide) in paragraph at lines 342--342
[][] [] [] \OT1/cmtt/m/n/10 *[] @param[] ADDRESS_2DARRAY[0][] address[][] memberAddressArray:[] the[] array[] of[] the[] address[]
 []


Overfull \hbox (7.91759pt too wide) in paragraph at lines 342--342
[][] [] [] \OT1/cmtt/m/n/10 *[] @param[] STRING_ARRAY[] string[][] memberNameArray:[] the[] array[] of[] the[] name[] of[] the[] member[]
 []


Overfull \hbox (13.16754pt too wide) in paragraph at lines 342--342
[][] [] [] \OT1/cmtt/m/n/10 *[] @param[] UINT256_ARRAY[0][] uint256[][] pluginIndexArray:[] the[] array[] of[] the[] plugins[] index[]
 []


Overfull \hbox (13.16754pt too wide) in paragraph at lines 342--342
[][] [] [] \OT1/cmtt/m/n/10 *[] @param[] BOOL_ARRAY[] bool[][] isBeforeOperationArray:[] the[] array[] of[] the[] flag[] to[] indicate[]
 []

[46]
Overfull \hbox (13.16754pt too wide) in paragraph at lines 342--342
[][] [] [] \OT1/cmtt/m/n/10 *[] @param[] UINT256_ARRAY[0][] uint256[][] pluginIndexArray:[] the[] array[] of[] the[] plugins[] index[]
 []


Overfull \hbox (13.16754pt too wide) in paragraph at lines 342--342
[][] [] [] \OT1/cmtt/m/n/10 *[] @param[] BOOL_ARRAY[] bool[][] isBeforeOperationArray:[] the[] array[] of[] the[] flag[] to[] indicate[]
 []


Overfull \hbox (18.4175pt too wide) in paragraph at lines 342--342
[][] [] [] \OT1/cmtt/m/n/10 *[] @param[] UINT256_2DARRAY[0][] uint256[][] parameterValueArray:[] the[] array[] of[] the[] parameter[]
 []


Overfull \hbox (18.4175pt too wide) in paragraph at lines 342--342
[][] [] [] \OT1/cmtt/m/n/10 *[] @param[] address[][] addressArray:[] the[] array[] of[] the[] address[] to[] add[] withdrawable[] balance[] 
 []


Overfull \hbox (7.91759pt too wide) in paragraph at lines 342--342
[][] [] [] \OT1/cmtt/m/n/10 *[] @param[] uint256[][] amountArray:[] the[] array[] of[] the[] amount[] to[] add[] withdrawable[] balance[] 
 []


Overfull \hbox (7.91759pt too wide) in paragraph at lines 342--342
[][] [] [] \OT1/cmtt/m/n/10 *[] @param[] address[][] addressArray:[] the[] array[] of[] the[] address[] to[] substract[] withdrawable[]
 []


Overfull \hbox (39.41731pt too wide) in paragraph at lines 342--342
[][] [] [] \OT1/cmtt/m/n/10 *[] @param[] uint256[][] amountArray:[] the[] array[] of[] the[] amount[] to[] substract[] withdrawable[] balance[] 
 []

[47]
Overfull \hbox (13.16754pt too wide) in paragraph at lines 342--342
[][] [] [] \OT1/cmtt/m/n/10 *[] @param[] ADDRESS_2DARRAY[0][] address[][] addressArray:[] the[] array[] of[] the[] address[] to[] mint[]
 []


Overfull \hbox (7.91759pt too wide) in paragraph at lines 342--342
[][] [] [] \OT1/cmtt/m/n/10 *[] @param[] UINT256_2DARRAY[0][] uint256[][] tokenClassArray:[] the[] array[] of[] the[] token[] class[]
 []


Overfull \hbox (2.66763pt too wide) in paragraph at lines 342--342
[][] [] [] \OT1/cmtt/m/n/10 *[] @param[] UINT256_2DARRAY[1][] uint256[][] amountArray:[] the[] array[] of[] the[] amount[] to[] mint[]
 []


Overfull \hbox (2.66763pt too wide) in paragraph at lines 342--342
[][] [] [] \OT1/cmtt/m/n/10 *[] @param[] UINT256_2DARRAY[2][] uint256[][] priceArray:[] the[] price[] of[] each[] token[] class[] to[]
 []


Overfull \hbox (13.16754pt too wide) in paragraph at lines 342--342
[][] [] [] \OT1/cmtt/m/n/10 *[] @param[] UINT256_2DARRAY[3][] uint256[1][] dividendableFlag:[] the[] flag[] to[] indicate[] if[] the[]
 []


Overfull \hbox (44.66727pt too wide) in paragraph at lines 342--342
[][] [] [] \OT1/cmtt/m/n/10 *[] @param[] ADDRESS_2DARRAY[0][] address[][] toAddressArray:[] the[] array[] of[] the[] address[] to[] transfer[]
 []


Overfull \hbox (7.91759pt too wide) in paragraph at lines 342--342
[][] [] [] \OT1/cmtt/m/n/10 *[] @param[] UINT256_2DARRAY[0][] uint256[][] tokenClassArray:[] the[] array[] of[] the[] token[] class[]
 []


Overfull \hbox (28.9174pt too wide) in paragraph at lines 342--342
[][] [] [] \OT1/cmtt/m/n/10 *[] @param[] UINT256_2DARRAY[1][] uint256[][] amountArray:[] the[] array[] of[] the[] amount[] of[] the[] token[]
 []


Overfull \hbox (2.66763pt too wide) in paragraph at lines 342--342
[][] [] [] \OT1/cmtt/m/n/10 *[] @param[] UINT256_2DARRAY[2][] uint256[][] priceArray:[] the[] price[] of[] each[] token[] class[] to[]
 []


Overfull \hbox (18.4175pt too wide) in paragraph at lines 342--342
[][] [] [] \OT1/cmtt/m/n/10 *[] @[] param[] UINT256_2DARRAY[3][] uint256[1][] dividendableFlag:[] the[] flag[] to[] indicate[] if[] the[]
 []


Overfull \hbox (2.66763pt too wide) in paragraph at lines 342--342
[][] [] [] \OT1/cmtt/m/n/10 *[] @param[] ADDRESS_2DARRAY[0][] address[][] The[] array[] of[] the[] address[] to[] add[] as[] emergency[]
 []


Overfull \hbox (18.4175pt too wide) in paragraph at lines 342--342
[][] [] [] \OT1/cmtt/m/n/10 *[] @param[] UINT256_2DARRAY[0][] address[][] addressArray:[] the[] array[] of[] the[] emergency[] agents[]
 []

[48]
Overfull \hbox (2.66763pt too wide) in paragraph at lines 342--342
[][] [] [] \OT1/cmtt/m/n/10 *[] @param[] uint256[] paymentType:[] the[] type[] of[] cash[] to[] pay,[] 0[] for[] ethers/matic/original[]
 []


Overfull \hbox (7.91759pt too wide) in paragraph at lines 342--342
[][] [] [] \OT1/cmtt/m/n/10 *[] @param[] uint256[] dividendable:[] the[] flag[] to[] indicate[] if[] the[] payment[] is[] dividendable,[] 
 []


Overfull \hbox (2.66763pt too wide) in paragraph at lines 342--342
[][] [] [] \OT1/cmtt/m/n/10 *[] @param[] address[][] addressArray:[] the[] array[] of[] the[] address[] to[] withdraw[] dividends[] to[] 
 []


Overfull \hbox (13.16754pt too wide) in paragraph at lines 342--342
[][] [] [] \OT1/cmtt/m/n/10 *[] @param[] UINT256_2D[0][] uint256[][] tokenClassArray:[] the[] array[] of[] the[] token[] class[] index[]
 []


Overfull \hbox (2.66763pt too wide) in paragraph at lines 342--342
[][] [] [] \OT1/cmtt/m/n/10 *[] @param[] UINT256_2D[1][] uint256[][] amountArray:[] the[] array[] of[] the[] amount[] of[] the[] token[]
 []


Overfull \hbox (2.66763pt too wide) in paragraph at lines 342--342
[][] [] [] \OT1/cmtt/m/n/10 *[] @param[] UINT256_2D[2][] uint256[][] priceArray:[] the[] price[] of[] each[] token[] class[] to[] burn[] 
 []

[49]
Overfull \hbox (18.4175pt too wide) in paragraph at lines 342--342
[][] [] [] \OT1/cmtt/m/n/10 *[] @paran[] STRING_2DARRAY[0][] address:[] the[] address[] to[] set[] approval[] for[] all[] cash[] withdraw[]
 []


Overfull \hbox (13.16754pt too wide) in paragraph at lines 342--342
[][] [] [] \OT1/cmtt/m/n/10 *[] @notice[] Emergency[] mode[] termination.[] Emergency[] agents[] cannot[] do[] anything[] after[] this[]
 []

[50]
Overfull \hbox (55.16718pt too wide) in paragraph at lines 387--387
[][] [] \OT1/cmtt/m/n/10 *[] The[] operation[] to[] be[] executed,[] including[] the[] operator[] address,[] the[] opcode[] and[] the[] parameters[] 
 []


Overfull \hbox (7.91759pt too wide) in paragraph at lines 387--387
[][] [] \OT1/cmtt/m/n/10 *[] The[] program[] to[] be[] executed,[] including[] the[] operator[] address[] and[] the[] operation[] array[] 
 []


Overfull \hbox (70.91704pt too wide) in paragraph at lines 537--537
[]\OT1/cmtt/m/n/10 enum[] EnumConditionNodeType[] {[] UNDEFINED,[] EXPRESSION,[] LOGICAL_OPERATOR,[] BOOLEAN_TRUE,[] BOOLEAN_FALSE}[] 
 []

[51]
Overfull \hbox (28.9174pt too wide) in paragraph at lines 537--537
[][] [] [] \OT1/cmtt/m/n/10 *[] The[] default[] value.[] The[] plugin[] system[] will[] return[] UNDEFINED[] if[] no[] plugin[] is[] triggered.[] 
 []


Overfull \hbox (18.4175pt too wide) in paragraph at lines 537--537
[][] [] [] \OT1/cmtt/m/n/10 *[] The[] operation[] is[] approved[] but[] must[] be[] executed[] in[] sandbox[] to[] check[] if[] the[] operation[] 
 []

[52] [53]) [54] (./main.aux)

LaTeX Warning: There were undefined references.


LaTeX Warning: Label(s) may have changed. Rerun to get cross-references right.


Package rerunfilecheck Warning: File `main.out' has changed.
(rerunfilecheck)                Rerun to get outlines right
(rerunfilecheck)                or use package `bookmark'.

Package rerunfilecheck Info: Checksums for `main.out':
(rerunfilecheck)             Before: <no file>
(rerunfilecheck)             After:  898AD96376BBB2917AB4F413CD457B70;7646.
 ) 
Here is how much of TeX's memory you used:
 24003 strings out of 477678
 449404 string characters out of 5829469
 754445 words of memory out of 5000000
 42165 multiletter control sequences out of 15000+600000
 475920 words of font info for 52 fonts, out of 8000000 for 9000
 1141 hyphenation exceptions out of 8191
 99i,16n,103p,1118b,710s stack positions out of 10000i,1000n,20000p,200000b,200000s
{/usr/local/texlive/2022/texmf-dist/fonts/enc/dvips/cm-super/cm-super-ts1.enc}</usr/local/texlive/2022/texmf-dist/fonts/type1/public/amsfonts/cm/cmbx10.pfb></usr/local/texlive/2022/texmf-dist/fonts/type1/public/amsfonts/cm/cmbx12.pfb></usr/local/texlive/2022/texmf-dist/fonts/type1/public/amsfonts/cm/cmbx9.pfb></usr/local/texlive/2022/texmf-dist/fonts/type1/public/amsfonts/cm/cmex10.pfb></usr/local/texlive/2022/texmf-dist/fonts/type1/public/amsfonts/cm/cmmi10.pfb></usr/local/texlive/2022/texmf-dist/fonts/type1/public/amsfonts/cm/cmmi7.pfb></usr/local/texlive/2022/texmf-dist/fonts/type1/public/amsfonts/cm/cmr10.pfb></usr/local/texlive/2022/texmf-dist/fonts/type1/public/amsfonts/cm/cmr12.pfb></usr/local/texlive/2022/texmf-dist/fonts/type1/public/amsfonts/cm/cmr17.pfb></usr/local/texlive/2022/texmf-dist/fonts/type1/public/amsfonts/cm/cmr6.pfb></usr/local/texlive/2022/texmf-dist/fonts/type1/public/amsfonts/cm/cmr7.pfb></usr/local/texlive/2022/texmf-dist/fonts/type1/public/amsfonts/cm/cmr8.pfb></usr/local/texlive/2022/texmf-dist/fonts/type1/public/amsfonts/cm/cmr9.pfb></usr/local/texlive/2022/texmf-dist/fonts/type1/public/amsfonts/cm/cmsy10.pfb></usr/local/texlive/2022/texmf-dist/fonts/type1/public/amsfonts/cm/cmtt10.pfb></usr/local/texlive/2022/texmf-dist/fonts/type1/public/amsfonts/cm/cmtt8.pfb></usr/local/texlive/2022/texmf-dist/fonts/type1/public/cm-super/sfrm1000.pfb>
Output written on main.pdf (54 pages, 4404059 bytes).
PDF statistics:
 495 PDF objects out of 1000 (max. 8388607)
 379 compressed objects within 4 object streams
 165 named destinations out of 1000 (max. 500000)
 68 words of extra memory for PDF output out of 10000 (max. 10000000)

