\BOOKMARK [1][-]{section.1}{\376\377\000I\000n\000t\000r\000o\000d\000u\000c\000t\000i\000o\000n}{}% 1
\BOOKMARK [1][-]{section.2}{\376\377\000R\000e\000g\000u\000l\000a\000t\000i\000o\000n\000\040\000a\000n\000d\000\040\000s\000e\000l\000f\000-\000r\000e\000g\000u\000l\000a\000t\000i\000o\000n\000\040\000i\000n\000\040\000t\000h\000e\000\040\000c\000r\000y\000p\000t\000o\000\040\000w\000o\000r\000l\000d}{}% 2
\BOOKMARK [2][-]{subsection.2.1}{\376\377\000C\000u\000r\000r\000e\000n\000t\000\040\000d\000e\000s\000i\000g\000n\000s\000\040\000o\000f\000\040\000p\000o\000p\000u\000l\000a\000r\000\040\000D\000A\000O\000s}{section.2}% 3
\BOOKMARK [2][-]{subsection.2.2}{\376\377\000`\000`\000O\000n\000e\000\040\000t\000o\000k\000e\000n\000,\000\040\000o\000n\000e\000\040\000v\000o\000t\000e\000'\000'\000\040\000v\000s\000\040\000m\000u\000l\000t\000i\000-\000c\000l\000a\000s\000s\000-\000t\000o\000k\000e\000n\000\040\000v\000o\000t\000e}{section.2}% 4
\BOOKMARK [2][-]{subsection.2.3}{\376\377\000B\000y\000-\000l\000a\000w\000s\000\040\000a\000n\000d\000\040\000p\000r\000o\000c\000e\000d\000u\000r\000e}{section.2}% 5
\BOOKMARK [2][-]{subsection.2.4}{\376\377\000`\000`\000T\000o\000k\000e\000n\000o\000m\000i\000c\000s\000'\000'\000\040\000v\000s\000\040\000`\000`\000D\000i\000v\000i\000d\000e\000n\000d\000'\000'}{section.2}% 6
\BOOKMARK [1][-]{section.3}{\376\377\000P\000r\000i\000n\000c\000i\000p\000l\000e\000s\000\040\000o\000f\000\040\000D\000A\000R\000C\000\040\000P\000r\000o\000t\000o\000c\000o\000l}{}% 7
\BOOKMARK [2][-]{subsection.3.1}{\376\377\000P\000l\000u\000g\000i\000n\000\040\000a\000s\000\040\000a\000\040\000L\000a\000w}{section.3}% 8
\BOOKMARK [3][-]{subsubsection.3.1.1}{\376\377\000D\000e\000s\000i\000g\000n\000\040\000o\000f\000\040\000P\000l\000u\000g\000i\000n\000s}{subsection.3.1}% 9
\BOOKMARK [3][-]{subsubsection.3.1.2}{\376\377\000L\000e\000v\000e\000l\000s\000\040\000o\000f\000\040\000P\000l\000u\000g\000i\000n\000s}{subsection.3.1}% 10
\BOOKMARK [3][-]{subsubsection.3.1.3}{\376\377\000I\000m\000m\000u\000t\000a\000b\000i\000l\000i\000t\000y\000\040\000o\000f\000\040\000P\000l\000u\000g\000i\000n\000s}{subsection.3.1}% 11
\BOOKMARK [3][-]{subsubsection.3.1.4}{\376\377\000A\000u\000t\000h\000o\000r\000i\000t\000y\000\040\000o\000f\000\040\000P\000l\000u\000g\000i\000n\000s}{subsection.3.1}% 12
\BOOKMARK [2][-]{subsection.3.2}{\376\377\000P\000r\000o\000g\000r\000a\000m\000\040\000a\000n\000d\000\040\000O\000p\000e\000r\000a\000t\000i\000o\000n\000s}{section.3}% 13
\BOOKMARK [2][-]{subsection.3.3}{\376\377\000M\000u\000l\000t\000i\000-\000l\000e\000v\000e\000l\000\040\000T\000o\000k\000e\000n\000\040\000S\000y\000s\000t\000e\000m}{section.3}% 14
\BOOKMARK [2][-]{subsection.3.4}{\376\377\000D\000i\000v\000i\000d\000e\000n\000d\000s}{section.3}% 15
\BOOKMARK [2][-]{subsection.3.5}{\376\377\000V\000o\000t\000i\000n\000g}{section.3}% 16
\BOOKMARK [2][-]{subsection.3.6}{\376\377\000E\000m\000e\000r\000g\000e\000n\000c\000y}{section.3}% 17
\BOOKMARK [1][-]{section.4}{\376\377\000D\000A\000R\000C\000\040\000A\000r\000c\000h\000i\000t\000e\000c\000t\000u\000r\000e}{}% 18
\BOOKMARK [2][-]{subsection.4.1}{\376\377\000D\000A\000R\000C\000\040\000R\000u\000n\000t\000i\000m\000e}{section.4}% 19
\BOOKMARK [2][-]{subsection.4.2}{\376\377\000P\000r\000o\000g\000r\000a\000m\000\040\000L\000o\000a\000d\000e\000r}{section.4}% 20
\BOOKMARK [3][-]{subsubsection.4.2.1}{\376\377\000P\000r\000o\000g\000r\000a\000m\000\040\000V\000a\000l\000i\000d\000a\000t\000o\000r}{subsection.4.2}% 21
\BOOKMARK [3][-]{subsubsection.4.2.2}{\376\377\000V\000o\000t\000i\000n\000g\000\040\000F\000i\000n\000i\000t\000e\000-\000S\000t\000a\000t\000e\000\040\000M\000a\000c\000h\000i\000n\000e}{subsection.4.2}% 22
\BOOKMARK [3][-]{subsubsection.4.2.3}{\376\377\000M\000a\000c\000h\000i\000n\000e\000\040\000S\000t\000a\000t\000e\000\040\000D\000a\000s\000h\000b\000o\000a\000r\000d}{subsection.4.2}% 23
\BOOKMARK [2][-]{subsection.4.3}{\376\377\000E\000x\000e\000c\000u\000t\000i\000o\000n\000\040\000E\000n\000g\000i\000n\000e}{section.4}% 24
\BOOKMARK [2][-]{subsection.4.4}{\376\377\000M\000a\000c\000h\000i\000n\000e\000\040\000S\000t\000a\000t\000e\000\040\000M\000a\000n\000a\000g\000e\000r}{section.4}% 25
\BOOKMARK [3][-]{subsubsection.4.4.1}{\376\377\000T\000o\000k\000e\000n\000s}{subsection.4.4}% 26
\BOOKMARK [3][-]{subsubsection.4.4.2}{\376\377\000M\000e\000m\000b\000e\000r\000s\000h\000i\000p\000s}{subsection.4.4}% 27
\BOOKMARK [3][-]{subsubsection.4.4.3}{\376\377\000W\000i\000t\000h\000d\000r\000a\000w\000a\000b\000l\000e\000\040\000c\000a\000s\000h\000\040\000a\000n\000d\000\040\000d\000i\000v\000i\000d\000e\000n\000d\000s}{subsection.4.4}% 28
\BOOKMARK [3][-]{subsubsection.4.4.4}{\376\377\000O\000p\000e\000r\000a\000t\000i\000o\000n\000\040\000H\000i\000s\000t\000o\000r\000y}{subsection.4.4}% 29
\BOOKMARK [3][-]{subsubsection.4.4.5}{\376\377\000P\000l\000u\000g\000i\000n\000s}{subsection.4.4}% 30
\BOOKMARK [3][-]{subsubsection.4.4.6}{\376\377\000V\000o\000t\000i\000n\000g\000\040\000R\000u\000l\000e\000s\000\040\000A\000r\000r\000a\000y}{subsection.4.4}% 31
\BOOKMARK [2][-]{subsection.4.5}{\376\377\000S\000a\000n\000d\000b\000o\000x}{section.4}% 32
\BOOKMARK [2][-]{subsection.4.6}{\376\377\000V\000o\000t\000i\000n\000g\000\040\000S\000t\000a\000t\000e}{section.4}% 33
\BOOKMARK [1][-]{section.5}{\376\377\000B\000y\000-\000l\000a\000w\000\040\000S\000c\000r\000i\000p\000t}{}% 34
\BOOKMARK [2][-]{subsection.5.1}{\376\377\000T\000r\000a\000n\000s\000p\000i\000l\000e\000r}{section.5}% 35
\BOOKMARK [2][-]{subsection.5.2}{\376\377\000C\000o\000d\000e\000\040\000G\000e\000n\000e\000r\000a\000t\000o\000r}{section.5}% 36
\BOOKMARK [1][-]{section.6}{\376\377\000M\000u\000l\000t\000i\000-\000C\000l\000a\000s\000s\000\040\000T\000o\000k\000e\000n\000\040\000S\000y\000s\000t\000e\000m}{}% 37
\BOOKMARK [2][-]{subsection.6.1}{\376\377\000C\000o\000m\000m\000o\000n\000\040\000S\000t\000o\000c\000k\000s}{section.6}% 38
\BOOKMARK [2][-]{subsection.6.2}{\376\377\000C\000l\000a\000s\000s\000\040\000A\000/\000B\000\040\000S\000t\000o\000c\000k\000s}{section.6}% 39
\BOOKMARK [2][-]{subsection.6.3}{\376\377\000N\000o\000n\000-\000V\000o\000t\000i\000n\000g\000\040\000S\000t\000o\000c\000k\000s}{section.6}% 40
\BOOKMARK [2][-]{subsection.6.4}{\376\377\000S\000t\000o\000c\000k\000s\000\040\000w\000i\000t\000h\000\040\000S\000t\000a\000m\000p\000\040\000D\000u\000t\000y}{section.6}% 41
\BOOKMARK [2][-]{subsection.6.5}{\376\377\000B\000o\000a\000r\000d\000\040\000o\000f\000\040\000D\000i\000r\000e\000c\000t\000o\000r\000s}{section.6}% 42
\BOOKMARK [2][-]{subsection.6.6}{\376\377\000C\000o\000r\000p\000o\000r\000a\000t\000e\000\040\000B\000o\000n\000d\000s}{section.6}% 43
\BOOKMARK [2][-]{subsection.6.7}{\376\377\000P\000r\000o\000d\000u\000c\000t\000\040\000T\000o\000k\000e\000n\000s\000\040\000a\000n\000d\000\040\000N\000o\000n\000-\000F\000u\000n\000g\000i\000b\000l\000e\000\040\000T\000o\000k\000e\000n\000s}{section.6}% 44
\BOOKMARK [1][-]{section.7}{\376\377\000P\000l\000u\000g\000i\000n\000s}{}% 45
\BOOKMARK [2][-]{subsection.7.1}{\376\377\000D\000e\000s\000i\000g\000n\000\040\000o\000f\000\040\000P\000l\000u\000g\000i\000n\000s}{section.7}% 46
\BOOKMARK [2][-]{subsection.7.2}{\376\377\000T\000h\000e\000\040\000P\000l\000u\000g\000i\000n\000\040\000a\000n\000d\000\040\000t\000h\000e\000\040\000J\000u\000d\000g\000e\000m\000e\000n\000t\000\040\000S\000y\000s\000t\000e\000m}{section.7}% 47
\BOOKMARK [2][-]{subsection.7.3}{\376\377\000R\000e\000s\000t\000r\000i\000c\000t\000i\000o\000n\000\040\000P\000l\000u\000g\000i\000n\000\040\000S\000y\000s\000t\000e\000m}{section.7}% 48
\BOOKMARK [2][-]{subsection.7.4}{\376\377\000D\000e\000s\000i\000g\000n\000\040\000o\000f\000\040\000R\000e\000s\000t\000r\000i\000c\000t\000i\000o\000n\000\040\000P\000l\000u\000g\000i\000n\000s}{section.7}% 49
\BOOKMARK [2][-]{subsection.7.5}{\376\377\000D\000e\000s\000i\000g\000n\000\040\000o\000f\000\040\000C\000o\000n\000d\000i\000t\000i\000o\000n\000\040\000B\000i\000n\000a\000r\000y\000\040\000E\000x\000p\000r\000e\000s\000s\000i\000o\000n\000\040\000T\000r\000e\000e}{section.7}% 50
\BOOKMARK [2][-]{subsection.7.6}{\376\377\000A\000r\000b\000i\000t\000r\000a\000r\000y\000\040\000E\000x\000p\000r\000e\000s\000s\000i\000o\000n\000s}{section.7}% 51
\BOOKMARK [1][-]{section.8}{\376\377\000V\000o\000t\000i\000n\000g}{}% 52
\BOOKMARK [2][-]{subsection.8.1}{\376\377\000V\000o\000t\000i\000n\000g\000\040\000P\000r\000o\000c\000e\000s\000s\000\040\000a\000n\000d\000\040\000S\000t\000a\000t\000e\000s}{section.8}% 53
\BOOKMARK [2][-]{subsection.8.2}{\376\377\000V\000o\000t\000i\000n\000g\000\040\000R\000u\000l\000e\000s}{section.8}% 54
\BOOKMARK [2][-]{subsection.8.3}{\376\377\000V\000o\000t\000i\000n\000g\000\040\000T\000y\000p\000e\000s}{section.8}% 55
\BOOKMARK [2][-]{subsection.8.4}{\376\377\000V\000o\000t\000i\000n\000g\000\040\000M\000e\000c\000h\000a\000n\000i\000s\000m}{section.8}% 56
\BOOKMARK [1][-]{section.9}{\376\377\000M\000e\000m\000b\000e\000r\000s\000h\000i\000p\000s}{}% 57
\BOOKMARK [1][-]{section.10}{\376\377\000D\000i\000v\000i\000d\000e\000n\000d\000s}{}% 58
\BOOKMARK [1][-]{section.11}{\376\377\000E\000m\000e\000r\000g\000e\000n\000c\000y\000\040\000A\000g\000e\000n\000t}{}% 59
\BOOKMARK [1][-]{section.12}{\376\377\000U\000p\000g\000r\000a\000d\000a\000b\000l\000i\000t\000y}{}% 60
